[debug] [2026-02-06T09:18:05.875Z] ----------------------------------------------------------------------
[debug] [2026-02-06T09:18:05.880Z] Command:       C:\nvm4w\nodejs\node.exe C:\nvm4w\nodejs\node_modules\firebase-tools\lib\bin\firebase.js init
[debug] [2026-02-06T09:18:05.881Z] CLI Version:   15.5.1
[debug] [2026-02-06T09:18:05.881Z] Platform:      win32
[debug] [2026-02-06T09:18:05.881Z] Node Version:  v22.21.1
[debug] [2026-02-06T09:18:05.881Z] Time:          Fri Feb 06 2026 14:48:05 GMT+0530 (India Standard Time)
[debug] [2026-02-06T09:18:05.881Z] ----------------------------------------------------------------------
[debug] 
[info] 
     ######## #### ########  ######## ########     ###     ######  ########
     ##        ##  ##     ## ##       ##     ##  ##   ##  ##       ##
     ######    ##  ########  ######   ########  #########  ######  ######
     ##        ##  ##    ##  ##       ##     ## ##     ##       ## ##
     ##       #### ##     ## ######## ########  ##     ##  ######  ########

You're about to initialize a Firebase project in this directory:

  D:\RecipeFinderClean

[debug] [2026-02-06T09:18:42.905Z] ExitPromptError: User force closed the prompt with SIGINT
    at Interface.sigint (C:\Users\asus\AppData\Local\nvm\v22.21.1\node_modules\firebase-tools\node_modules\@inquirer\core\dist\commonjs\lib\create-prompt.js:101:37)
    at Interface.emit (node:events:519:28)
    at [_ttyWrite] [as _ttyWrite] (node:internal/readline/interface:1134:18)
    at ReadStream.onkeypress (node:internal/readline/interface:271:20)
    at ReadStream.emit (node:events:531:35)
    at emitKeys (node:internal/readline/utils:370:14)
    at emitKeys.next (<anonymous>)
    at ReadStream.onData (node:internal/readline/emitKeypressEvents:64:36)
    at ReadStream.emit (node:events:519:28)
    at addChunk (node:internal/streams/readable:561:12)
[error] 
[error] Error: An unexpected error has occurred.
